<?xml version="1.0" encoding="UTF-8"?>
<testsuite xmlns:xsi="http://www.w3.org/2001/XMLSchema-instance" xsi:noNamespaceSchemaLocation="https://maven.apache.org/surefire/maven-surefire-plugin/xsd/surefire-test-report.xsd" name="activitiy_junitreport.JUnitReportTests" time="0.111" tests="5" errors="0" skipped="0" failures="0">
  <properties>
[...]
</properties>
  <testcase name="test2" classname="activitiy_junitreport.JUnitReportTests" time="0.076"/>
  <testcase name="test3" classname="activitiy_junitreport.JUnitReportTests" time="0"/>
  <testcase name="test1" classname="activitiy_junitreport.JUnitReportTests" time="0.002"/>
  <testcase name="test0" classname="activitiy_junitreport.JUnitReportTests" time="0.002"/>
  <testcase name="test4" classname="activitiy_junitreport.JUnitReportTests" time="0.003"/>
</testsuite>